<?xml version="1.0" encoding="UTF-8"?>
<testsuite name="SILab2Test" tests="2" skipped="0" failures="0" errors="0" timestamp="2021-05-30T14:07:39" hostname="DESKTOP-AHMDU2F" time="0.021">
  <properties/>
  <testcase name="function_EveryBranch()" classname="SILab2Test" time="0.018"/>
  <testcase name="function_MultipleCondition()" classname="SILab2Test" time="0.002"/>
  <system-out><![CDATA[]]></system-out>
  <system-err><![CDATA[]]></system-err>
</testsuite>
